# JRE version: Java(TM) SE Runtime Environment (8.0_191-b12) (build 1.8.0_191-b12)
# Java VM: Java HotSpot(TM) 64-Bit Server VM (25.191-b12 mixed mode windows-amd64 compressed oops)
Heap:
 PSYoungGen      total 100864K, used 9500K [0x0000000780e00000, 0x0000000787a80000, 0x00000007c0000000)
  eden space 95744K, 6% used [0x0000000780e00000,0x00000007813b91a0,0x0000000786b80000)
  from space 5120K, 71% used [0x0000000787580000,0x000000078790e1c0,0x0000000787a80000)
  to   space 7680K, 0% used [0x0000000786b80000,0x0000000786b80000,0x0000000787300000)
 ParOldGen       total 60928K, used 6794K [0x0000000702a00000, 0x0000000706580000, 0x0000000780e00000)
  object space 60928K, 11% used [0x0000000702a00000,0x00000007030a2828,0x0000000706580000)
 Metaspace       used 22749K, capacity 22995K, committed 23168K, reserved 1071104K
  class space    used 2356K, capacity 2423K, committed 2432K, reserved 1048576K
GC Heap History (10 events):
Event: 2.113 GC heap before
{Heap before GC invocations=1 (full 0):
 PSYoungGen      total 56832K, used 49152K [0x0000000780e00000, 0x0000000784d00000, 0x00000007c0000000)
  eden space 49152K, 100% used [0x0000000780e00000,0x0000000783e00000,0x0000000783e00000)
  from space 7680K, 0% used [0x0000000784580000,0x0000000784580000,0x0000000784d00000)
  to   space 7680K, 0% used [0x0000000783e00000,0x0000000783e00000,0x0000000784580000)
 ParOldGen       total 130048K, used 0K [0x0000000702a00000, 0x000000070a900000, 0x0000000780e00000)
  object space 130048K, 0% used [0x0000000702a00000,0x0000000702a00000,0x000000070a900000)
 Metaspace       used 16365K, capacity 16624K, committed 16896K, reserved 1064960K
  class space    used 1935K, capacity 2009K, committed 2048K, reserved 1048576K
Event: 2.125 GC heap after
Heap after GC invocations=1 (full 0):
 PSYoungGen      total 56832K, used 7675K [0x0000000780e00000, 0x0000000784d00000, 0x00000007c0000000)
  eden space 49152K, 0% used [0x0000000780e00000,0x0000000780e00000,0x0000000783e00000)
  from space 7680K, 99% used [0x0000000783e00000,0x000000078457ecd0,0x0000000784580000)
  to   space 7680K, 0% used [0x0000000784580000,0x0000000784580000,0x0000000784d00000)
 ParOldGen       total 130048K, used 1741K [0x0000000702a00000, 0x000000070a900000, 0x0000000780e00000)
  object space 130048K, 1% used [0x0000000702a00000,0x0000000702bb3600,0x000000070a900000)
 Metaspace       used 16365K, capacity 16624K, committed 16896K, reserved 1064960K
  class space    used 1935K, capacity 2009K, committed 2048K, reserved 1048576K
}
Event: 9.691 GC heap before
{Heap before GC invocations=2 (full 0):
 PSYoungGen      total 56832K, used 56691K [0x0000000780e00000, 0x0000000784d00000, 0x00000007c0000000)
  eden space 49152K, 99% used [0x0000000780e00000,0x0000000783dde128,0x0000000783e00000)
  from space 7680K, 99% used [0x0000000783e00000,0x000000078457ecd0,0x0000000784580000)
  to   space 7680K, 0% used [0x0000000784580000,0x0000000784580000,0x0000000784d00000)
 ParOldGen       total 130048K, used 1741K [0x0000000702a00000, 0x000000070a900000, 0x0000000780e00000)
  object space 130048K, 1% used [0x0000000702a00000,0x0000000702bb3600,0x000000070a900000)
 Metaspace       used 20744K, capacity 21020K, committed 21248K, reserved 1069056K
  class space    used 2224K, capacity 2296K, committed 2304K, reserved 1048576K
Event: 9.698 GC heap after
Heap after GC invocations=2 (full 0):
 PSYoungGen      total 56832K, used 7514K [0x0000000780e00000, 0x0000000784d00000, 0x00000007c0000000)
  eden space 49152K, 0% used [0x0000000780e00000,0x0000000780e00000,0x0000000783e00000)
  from space 7680K, 97% used [0x0000000784580000,0x0000000784cd6b40,0x0000000784d00000)
  to   space 7680K, 0% used [0x0000000783e00000,0x0000000783e00000,0x0000000784580000)
 ParOldGen       total 130048K, used 1749K [0x0000000702a00000, 0x000000070a900000, 0x0000000780e00000)
  object space 130048K, 1% used [0x0000000702a00000,0x0000000702bb5600,0x000000070a900000)
 Metaspace       used 20744K, capacity 21020K, committed 21248K, reserved 1069056K
  class space    used 2224K, capacity 2296K, committed 2304K, reserved 1048576K
}
Event: 9.717 GC heap before
{Heap before GC invocations=3 (full 0):
 PSYoungGen      total 56832K, used 15762K [0x0000000780e00000, 0x0000000784d00000, 0x00000007c0000000)
  eden space 49152K, 16% used [0x0000000780e00000,0x000000078160de60,0x0000000783e00000)
  from space 7680K, 97% used [0x0000000784580000,0x0000000784cd6b40,0x0000000784d00000)
  to   space 7680K, 0% used [0x0000000783e00000,0x0000000783e00000,0x0000000784580000)
 ParOldGen       total 130048K, used 1749K [0x0000000702a00000, 0x000000070a900000, 0x0000000780e00000)
  object space 130048K, 1% used [0x0000000702a00000,0x0000000702bb5600,0x000000070a900000)
 Metaspace       used 20756K, capacity 21020K, committed 21248K, reserved 1069056K
  class space    used 2224K, capacity 2296K, committed 2304K, reserved 1048576K
Event: 9.723 GC heap after
Heap after GC invocations=3 (full 0):
 PSYoungGen      total 56832K, used 6830K [0x0000000780e00000, 0x0000000787d00000, 0x00000007c0000000)
  eden space 49152K, 0% used [0x0000000780e00000,0x0000000780e00000,0x0000000783e00000)
  from space 7680K, 88% used [0x0000000783e00000,0x00000007844ab8d8,0x0000000784580000)
  to   space 7680K, 0% used [0x0000000787580000,0x0000000787580000,0x0000000787d00000)
 ParOldGen       total 130048K, used 1757K [0x0000000702a00000, 0x000000070a900000, 0x0000000780e00000)
  object space 130048K, 1% used [0x0000000702a00000,0x0000000702bb7600,0x000000070a900000)
 Metaspace       used 20756K, capacity 21020K, committed 21248K, reserved 1069056K
  class space    used 2224K, capacity 2296K, committed 2304K, reserved 1048576K
}
Event: 9.723 GC heap before
{Heap before GC invocations=4 (full 1):
 PSYoungGen      total 56832K, used 6830K [0x0000000780e00000, 0x0000000787d00000, 0x00000007c0000000)
  eden space 49152K, 0% used [0x0000000780e00000,0x0000000780e00000,0x0000000783e00000)
  from space 7680K, 88% used [0x0000000783e00000,0x00000007844ab8d8,0x0000000784580000)
  to   space 7680K, 0% used [0x0000000787580000,0x0000000787580000,0x0000000787d00000)
 ParOldGen       total 130048K, used 1757K [0x0000000702a00000, 0x000000070a900000, 0x0000000780e00000)
  object space 130048K, 1% used [0x0000000702a00000,0x0000000702bb7600,0x000000070a900000)
 Metaspace       used 20756K, capacity 21020K, committed 21248K, reserved 1069056K
  class space    used 2224K, capacity 2296K, committed 2304K, reserved 1048576K
Event: 9.758 GC heap after
Heap after GC invocations=4 (full 1):
 PSYoungGen      total 56832K, used 0K [0x0000000780e00000, 0x0000000787d00000, 0x00000007c0000000)
  eden space 49152K, 0% used [0x0000000780e00000,0x0000000780e00000,0x0000000783e00000)
  from space 7680K, 0% used [0x0000000783e00000,0x0000000783e00000,0x0000000784580000)
  to   space 7680K, 0% used [0x0000000787580000,0x0000000787580000,0x0000000787d00000)
 ParOldGen       total 60928K, used 6786K [0x0000000702a00000, 0x0000000706580000, 0x0000000780e00000)
  object space 60928K, 11% used [0x0000000702a00000,0x00000007030a0828,0x0000000706580000)
 Metaspace       used 20756K, capacity 21020K, committed 21248K, reserved 1069056K
  class space    used 2224K, capacity 2296K, committed 2304K, reserved 1048576K
}
Event: 39.878 GC heap before
{Heap before GC invocations=5 (full 1):
 PSYoungGen      total 56832K, used 49152K [0x0000000780e00000, 0x0000000787d00000, 0x00000007c0000000)
  eden space 49152K, 100% used [0x0000000780e00000,0x0000000783e00000,0x0000000783e00000)
  from space 7680K, 0% used [0x0000000783e00000,0x0000000783e00000,0x0000000784580000)
  to   space 7680K, 0% used [0x0000000787580000,0x0000000787580000,0x0000000787d00000)
 ParOldGen       total 60928K, used 6786K [0x0000000702a00000, 0x0000000706580000, 0x0000000780e00000)
  object space 60928K, 11% used [0x0000000702a00000,0x00000007030a0828,0x0000000706580000)
 Metaspace       used 22639K, capacity 22867K, committed 23168K, reserved 1071104K
  class space    used 2354K, capacity 2423K, committed 2432K, reserved 1048576K
Event: 39.880 GC heap after
Heap after GC invocations=5 (full 1):
 PSYoungGen      total 100864K, used 3640K [0x0000000780e00000, 0x0000000787a80000, 0x00000007c0000000)
  eden space 95744K, 0% used [0x0000000780e00000,0x0000000780e00000,0x0000000786b80000)
  from space 5120K, 71% used [0x0000000787580000,0x000000078790e1c0,0x0000000787a80000)
  to   space 7680K, 0% used [0x0000000786b80000,0x0000000786b80000,0x0000000787300000)
 ParOldGen       total 60928K, used 6794K [0x0000000702a00000, 0x0000000706580000, 0x0000000780e00000)
  object space 60928K, 11% used [0x0000000702a00000,0x00000007030a2828,0x0000000706580000)
 Metaspace       used 22639K, capacity 22867K, committed 23168K, reserved 1071104K
  class space    used 2354K, capacity 2423K, committed 2432K, reserved 1048576K
}

