# JRE version: Java(TM) SE Runtime Environment (8.0_191-b12) (build 1.8.0_191-b12)
# Java VM: Java HotSpot(TM) 64-Bit Server VM (25.191-b12 mixed mode windows-amd64 compressed oops)
Heap:
 PSYoungGen      total 56832K, used 44208K [0x0000000780e00000, 0x0000000787d00000, 0x00000007c0000000)
  eden space 49152K, 89% used [0x0000000780e00000,0x000000078392c360,0x0000000783e00000)
  from space 7680K, 0% used [0x0000000783e00000,0x0000000783e00000,0x0000000784580000)
  to   space 7680K, 0% used [0x0000000787580000,0x0000000787580000,0x0000000787d00000)
 ParOldGen       total 61440K, used 6652K [0x0000000702a00000, 0x0000000706600000, 0x0000000780e00000)
  object space 61440K, 10% used [0x0000000702a00000,0x000000070307f1e0,0x0000000706600000)
 Metaspace       used 23084K, capacity 23347K, committed 23808K, reserved 1071104K
  class space    used 2365K, capacity 2455K, committed 2560K, reserved 1048576K
GC Heap History (8 events):
Event: 1.484 GC heap before
{Heap before GC invocations=1 (full 0):
 PSYoungGen      total 56832K, used 49152K [0x0000000780e00000, 0x0000000784d00000, 0x00000007c0000000)
  eden space 49152K, 100% used [0x0000000780e00000,0x0000000783e00000,0x0000000783e00000)
  from space 7680K, 0% used [0x0000000784580000,0x0000000784580000,0x0000000784d00000)
  to   space 7680K, 0% used [0x0000000783e00000,0x0000000783e00000,0x0000000784580000)
 ParOldGen       total 130048K, used 0K [0x0000000702a00000, 0x000000070a900000, 0x0000000780e00000)
  object space 130048K, 0% used [0x0000000702a00000,0x0000000702a00000,0x000000070a900000)
 Metaspace       used 16364K, capacity 16624K, committed 16896K, reserved 1064960K
  class space    used 1935K, capacity 2009K, committed 2048K, reserved 1048576K
Event: 1.491 GC heap after
Heap after GC invocations=1 (full 0):
 PSYoungGen      total 56832K, used 7675K [0x0000000780e00000, 0x0000000784d00000, 0x00000007c0000000)
  eden space 49152K, 0% used [0x0000000780e00000,0x0000000780e00000,0x0000000783e00000)
  from space 7680K, 99% used [0x0000000783e00000,0x000000078457ecb0,0x0000000784580000)
  to   space 7680K, 0% used [0x0000000784580000,0x0000000784580000,0x0000000784d00000)
 ParOldGen       total 130048K, used 2015K [0x0000000702a00000, 0x000000070a900000, 0x0000000780e00000)
  object space 130048K, 1% used [0x0000000702a00000,0x0000000702bf7e70,0x000000070a900000)
 Metaspace       used 16364K, capacity 16624K, committed 16896K, reserved 1064960K
  class space    used 1935K, capacity 2009K, committed 2048K, reserved 1048576K
}
Event: 5.863 GC heap before
{Heap before GC invocations=2 (full 0):
 PSYoungGen      total 56832K, used 56632K [0x0000000780e00000, 0x0000000784d00000, 0x00000007c0000000)
  eden space 49152K, 99% used [0x0000000780e00000,0x0000000783dcf428,0x0000000783e00000)
  from space 7680K, 99% used [0x0000000783e00000,0x000000078457ecb0,0x0000000784580000)
  to   space 7680K, 0% used [0x0000000784580000,0x0000000784580000,0x0000000784d00000)
 ParOldGen       total 130048K, used 2015K [0x0000000702a00000, 0x000000070a900000, 0x0000000780e00000)
  object space 130048K, 1% used [0x0000000702a00000,0x0000000702bf7e70,0x000000070a900000)
 Metaspace       used 20809K, capacity 21084K, committed 21248K, reserved 1069056K
  class space    used 2227K, capacity 2296K, committed 2304K, reserved 1048576K
Event: 5.868 GC heap after
Heap after GC invocations=2 (full 0):
 PSYoungGen      total 56832K, used 7602K [0x0000000780e00000, 0x0000000784d00000, 0x00000007c0000000)
  eden space 49152K, 0% used [0x0000000780e00000,0x0000000780e00000,0x0000000783e00000)
  from space 7680K, 98% used [0x0000000784580000,0x0000000784cecb20,0x0000000784d00000)
  to   space 7680K, 0% used [0x0000000783e00000,0x0000000783e00000,0x0000000784580000)
 ParOldGen       total 130048K, used 2023K [0x0000000702a00000, 0x000000070a900000, 0x0000000780e00000)
  object space 130048K, 1% used [0x0000000702a00000,0x0000000702bf9e70,0x000000070a900000)
 Metaspace       used 20809K, capacity 21084K, committed 21248K, reserved 1069056K
  class space    used 2227K, capacity 2296K, committed 2304K, reserved 1048576K
}
Event: 5.882 GC heap before
{Heap before GC invocations=3 (full 0):
 PSYoungGen      total 56832K, used 14896K [0x0000000780e00000, 0x0000000784d00000, 0x00000007c0000000)
  eden space 49152K, 14% used [0x0000000780e00000,0x000000078151f5e8,0x0000000783e00000)
  from space 7680K, 98% used [0x0000000784580000,0x0000000784cecb20,0x0000000784d00000)
  to   space 7680K, 0% used [0x0000000783e00000,0x0000000783e00000,0x0000000784580000)
 ParOldGen       total 130048K, used 2023K [0x0000000702a00000, 0x000000070a900000, 0x0000000780e00000)
  object space 130048K, 1% used [0x0000000702a00000,0x0000000702bf9e70,0x000000070a900000)
 Metaspace       used 20820K, capacity 21084K, committed 21248K, reserved 1069056K
  class space    used 2227K, capacity 2296K, committed 2304K, reserved 1048576K
Event: 5.886 GC heap after
Heap after GC invocations=3 (full 0):
 PSYoungGen      total 56832K, used 6475K [0x0000000780e00000, 0x0000000787d00000, 0x00000007c0000000)
  eden space 49152K, 0% used [0x0000000780e00000,0x0000000780e00000,0x0000000783e00000)
  from space 7680K, 84% used [0x0000000783e00000,0x0000000784452fa8,0x0000000784580000)
  to   space 7680K, 0% used [0x0000000787580000,0x0000000787580000,0x0000000787d00000)
 ParOldGen       total 130048K, used 2031K [0x0000000702a00000, 0x000000070a900000, 0x0000000780e00000)
  object space 130048K, 1% used [0x0000000702a00000,0x0000000702bfbe70,0x000000070a900000)
 Metaspace       used 20820K, capacity 21084K, committed 21248K, reserved 1069056K
  class space    used 2227K, capacity 2296K, committed 2304K, reserved 1048576K
}
Event: 5.886 GC heap before
{Heap before GC invocations=4 (full 1):
 PSYoungGen      total 56832K, used 6475K [0x0000000780e00000, 0x0000000787d00000, 0x00000007c0000000)
  eden space 49152K, 0% used [0x0000000780e00000,0x0000000780e00000,0x0000000783e00000)
  from space 7680K, 84% used [0x0000000783e00000,0x0000000784452fa8,0x0000000784580000)
  to   space 7680K, 0% used [0x0000000787580000,0x0000000787580000,0x0000000787d00000)
 ParOldGen       total 130048K, used 2031K [0x0000000702a00000, 0x000000070a900000, 0x0000000780e00000)
  object space 130048K, 1% used [0x0000000702a00000,0x0000000702bfbe70,0x000000070a900000)
 Metaspace       used 20820K, capacity 21084K, committed 21248K, reserved 1069056K
  class space    used 2227K, capacity 2296K, committed 2304K, reserved 1048576K
Event: 5.912 GC heap after
Heap after GC invocations=4 (full 1):
 PSYoungGen      total 56832K, used 0K [0x0000000780e00000, 0x0000000787d00000, 0x00000007c0000000)
  eden space 49152K, 0% used [0x0000000780e00000,0x0000000780e00000,0x0000000783e00000)
  from space 7680K, 0% used [0x0000000783e00000,0x0000000783e00000,0x0000000784580000)
  to   space 7680K, 0% used [0x0000000787580000,0x0000000787580000,0x0000000787d00000)
 ParOldGen       total 61440K, used 6652K [0x0000000702a00000, 0x0000000706600000, 0x0000000780e00000)
  object space 61440K, 10% used [0x0000000702a00000,0x000000070307f1e0,0x0000000706600000)
 Metaspace       used 20820K, capacity 21084K, committed 21248K, reserved 1069056K
  class space    used 2227K, capacity 2296K, committed 2304K, reserved 1048576K
}

